<?xml version="1.0" encoding="UTF-8"?>
<!-- Generated by org.testng.reporters.JUnitReportReporter -->
<testsuite hostname="ThamizhRyzen" failures="0" tests="4" name="mypageTest.Home_Test" time="27.593" errors="0" timestamp="2023-09-24T15:37:05 IST" skipped="0">
  <testcase classname="mypageTest.Home_Test" name="loginpage_Test" time="8.084"/>
  <system-out/>
  <testcase classname="mypageTest.Home_Test" name="todaystatuspage_Test" time="9.333"/>
  <system-out/>
  <testcase classname="mypageTest.Home_Test" name="attenddash_Test" time="5.210"/>
  <system-out/>
  <testcase classname="mypageTest.Home_Test" name="separationdash_Test" time="4.966"/>
  <system-out/>
</testsuite> <!-- mypageTest.Home_Test -->
