<?xml version="1.0" encoding="UTF-8"?>
<!-- Generated by org.testng.reporters.JUnitReportReporter -->
<testsuite hostname="ThamizhRyzen" failures="0" tests="4" name="mypageTest.Home_Test" time="20.852" errors="0" timestamp="2023-09-15T17:11:41 IST" skipped="0">
  <testcase classname="mypageTest.Home_Test" name="loginpage_Test" time="5.366"/>
  <system-out/>
  <testcase classname="mypageTest.Home_Test" name="todaystatuspage_Test" time="6.854"/>
  <system-out/>
  <testcase classname="mypageTest.Home_Test" name="attenddash_Test" time="4.245"/>
  <system-out/>
  <testcase classname="mypageTest.Home_Test" name="separationdash_Test" time="4.387"/>
  <system-out/>
</testsuite> <!-- mypageTest.Home_Test -->
