<?xml version="1.0" encoding="UTF-8"?>
<!-- Generated by org.testng.reporters.JUnitReportReporter -->
<testsuite hostname="ThamizhRyzen" failures="0" tests="2" name="mypageTest.AttendanceTest" time="19.326" errors="0" timestamp="2023-05-18T15:00:08 IST" skipped="0">
  <testcase classname="mypageTest.AttendanceTest" name="attendance_plan" time="13.160"/>
  <system-out/>
  <testcase classname="mypageTest.AttendanceTest" name="edit_Attendceplan" time="6.166"/>
  <system-out/>
</testsuite> <!-- mypageTest.AttendanceTest -->
