<?xml version="1.0" encoding="UTF-8"?>
<!-- Generated by org.testng.reporters.JUnitReportReporter -->
<testsuite hostname="ThamizhRyzen" failures="0" tests="1" name="Login_Page_Test.NewTest" time="13.502" errors="0" timestamp="2022-11-19T12:14:54 IST" skipped="0">
  <testcase classname="Login_Page_Test.NewTest" name="logInPage" time="13.502"/>
  <system-out/>
</testsuite> <!-- Login_Page_Test.NewTest -->
