<?xml version="1.0" encoding="UTF-8"?>
<!-- Generated by org.testng.reporters.JUnitReportReporter -->
<testsuite hostname="ThamizhRyzen" failures="0" tests="4" name="mypageTest.Home_Test" time="28.707" errors="0" timestamp="2023-09-09T10:55:46 IST" skipped="0">
  <testcase classname="mypageTest.Home_Test" name="loginpage_Test" time="10.581"/>
  <system-out/>
  <testcase classname="mypageTest.Home_Test" name="todaystatuspage_Test" time="9.077"/>
  <system-out/>
  <testcase classname="mypageTest.Home_Test" name="attenddash_Test" time="4.464"/>
  <system-out/>
  <testcase classname="mypageTest.Home_Test" name="separationdash_Test" time="4.585"/>
  <system-out/>
</testsuite> <!-- mypageTest.Home_Test -->
