<?xml version="1.0" encoding="UTF-8"?>
<!-- Generated by org.testng.reporters.JUnitReportReporter -->
<testsuite hostname="ThamizhRyzen" failures="0" tests="1" name="mypageTest.LoginPageTest" time="29.781" errors="0" timestamp="2023-04-10T14:53:59 IST" skipped="0">
  <testcase classname="mypageTest.LoginPageTest" name="attendance_plan" time="29.781"/>
  <system-out/>
</testsuite> <!-- mypageTest.LoginPageTest -->
