<?xml version="1.0" encoding="UTF-8"?>
<!-- Generated by org.testng.reporters.JUnitReportReporter -->
<testsuite hostname="ThamizhRyzen" failures="0" tests="8" name="mypageTest.Attendance_Test" time="73.635" errors="0" timestamp="2023-09-09T10:55:46 IST" skipped="0">
  <testcase classname="mypageTest.Attendance_Test" name="loginpage_Test" time="7.357"/>
  <system-out/>
  <testcase classname="mypageTest.Attendance_Test" name="attendancePlan_Test" time="15.957"/>
  <system-out/>
  <testcase classname="mypageTest.Attendance_Test" name="editAttendceplan_Test" time="9.459"/>
  <system-out/>
  <testcase classname="mypageTest.Attendance_Test" name="addOverTime_Test" time="10.341"/>
  <system-out/>
  <testcase classname="mypageTest.Attendance_Test" name="editOverTime_Test" time="8.254"/>
  <system-out/>
  <testcase classname="mypageTest.Attendance_Test" name="shiftRoasterNew_Test" time="5.071"/>
  <system-out/>
  <testcase classname="mypageTest.Attendance_Test" name="timesheet_Test" time="6.099"/>
  <system-out/>
  <testcase classname="mypageTest.Attendance_Test" name="imoffPage_Test" time="11.097"/>
  <system-out/>
</testsuite> <!-- mypageTest.Attendance_Test -->
