<?xml version="1.0" encoding="UTF-8"?>
<!-- Generated by org.testng.reporters.JUnitReportReporter -->
<testsuite hostname="ThamizhRyzen" failures="0" tests="4" name="mypageTest.Home_Test" time="18.993" errors="0" timestamp="2023-09-11T17:45:10 IST" skipped="0">
  <testcase classname="mypageTest.Home_Test" name="loginpage_Test" time="4.412"/>
  <system-out/>
  <testcase classname="mypageTest.Home_Test" name="todaystatuspage_Test" time="5.696"/>
  <system-out/>
  <testcase classname="mypageTest.Home_Test" name="attenddash_Test" time="4.488"/>
  <system-out/>
  <testcase classname="mypageTest.Home_Test" name="separationdash_Test" time="4.397"/>
  <system-out/>
</testsuite> <!-- mypageTest.Home_Test -->
